LogParam, UseCfgFile[0], LogMod=NoCover(AutoDel=FALSE), LogIndex[1], LogLevel[3], ZipFine[0], MaxLogFileReserved[10], LogCallBack[0x0], LogCallbackLevel[0]
Zlib: m_fnZlibVersion[0x0], Unload, m_szCurZlibVersion[], m_szCurZlibPath[]
OpenSSL: m_fnSSLeayVersion[0x0], m_fnOpenSSLVersion[0x0] Unload
CoreBase: MemInfo, UseMemPool[1]
CoreBase: ThreadInfo, ENUM_COREBASE_THREADPOOL_DEFAULT, dwMaxCount[128]
CoreBase: ThreadInfo, ENUM_COREBASE_THREADPOOL_MSGCB, dwMaxCount[10]
CoreBase: ThreadInfo, ENUM_COREBASE_THREADPOOL_SERVERLINK, dwMaxCount[10]
CoreBase: ThreadInfo, ENUM_COREBASE_THREADPOOL_TIMERPROXY, dwMaxCount[64]
CoreBase: ThreadInfo, ENUM_COREBASE_THREADPOOL_ASYNCIO, dwMaxCount[64]
CoreBase: AbilityInfo, dwMaxMqttConnection[40960]
[2025-07-25 18:23:45.207][INF] The HCUSBSDK Version is 2.6.0.3 build20241219
[2025-07-25 18:23:45.207][INF] ------------------------------------------------USB_GetDeviceCount in------------------------------------------------
[2025-07-25 18:23:45.207][INF] CUsbDeviceManager::DynamicLibLoad 1 szSetPath[]
[2025-07-25 18:23:45.209][INF] DynamicLoadBase::LoadDSo, HPR_LoadDSo succ, LoadPath[E:\WorkFiles\haikang\project\project\lib\libusb-1.0.dll]
[2025-07-25 18:23:45.215][INF] ---------------------------------------------------Libusb1---------------------------------------------------
[2025-07-25 18:23:45.224][DBG] Internal log {libusb: warning [enumerate_hcd_root_hub] could not infer VID/PID of HCD root hub from 'ROOT\NXUSBH\0000'
}
[2025-07-25 18:23:45.228][DBG] Internal log {libusb: warning [winusb_get_device_list] could not retrieve port number for device 'NXUSBS\DEVICES\0000': [13] 数据无效。
}
[2025-07-25 18:23:45.229][INF] CUsbDriverLibusb::GetDevices(), Vid[0x2bdf] Pid[0x02af] Bus[3] Addr[6] DevD[774] DevClasss[0xef] InterfaceClass[0x0e] EndpointIn[0x85] EndpointOut[0x1]
[2025-07-25 18:23:45.229][INF] CUsbDriverLibusb::GetDevices(), Vid[0x0489] Pid[0xe0cd] Bus[1] Addr[1] DevD[257] DevClasss[0xef] InterfaceClass[0xe0] EndpointIn[0x81] EndpointOut[0x2]
[2025-07-25 18:23:45.229][ERR] CUsbDriverLibusb::GetDevices() [2]-failed to open device descriptor:LIBUSB_ERROR_NOT_FOUND
[2025-07-25 18:23:45.229][INF] CUsbDriverLibusb::GetDevices(), Vid[0x048d] Pid[0xc101] Bus[3] Addr[4] DevD[772] DevClasss[0x00] InterfaceClass[0x03] EndpointIn[0x81] EndpointOut[0x0]
[2025-07-25 18:23:45.229][ERR] CUsbDriverLibusb::GetDevices() [4]-failed to open device descriptor:LIBUSB_ERROR_NOT_FOUND
[2025-07-25 18:23:45.229][INF] CUsbDriverLibusb::GetDevices(), Vid[0x0bda] Pid[0x0411] Bus[3] Addr[1] DevD[769] DevClasss[0x09] InterfaceClass[0x09] EndpointIn[0x81] EndpointOut[0x0]
[2025-07-25 18:23:45.229][INF] CUsbDriverLibusb::GetDevices(), Vid[0x0bda] Pid[0x5411] Bus[3] Addr[2] DevD[770] DevClasss[0x09] InterfaceClass[0x09] EndpointIn[0x81] EndpointOut[0x0]
[2025-07-25 18:23:45.229][INF] CUsbDriverLibusb::GetDevices(), Vid[0x04f2] Pid[0xb67d] Bus[3] Addr[3] DevD[771] DevClasss[0xef] InterfaceClass[0x0e] EndpointIn[0x83] EndpointOut[0x0]
[2025-07-25 18:23:45.229][INF] CUsbDriverLibusb::GetDevices(), Vid[0x046d] Pid[0xc534] Bus[3] Addr[5] DevD[773] DevClasss[0x00] InterfaceClass[0x03] EndpointIn[0x81] EndpointOut[0x0]
[2025-07-25 18:23:45.229][ERR] CUsbDriverLibusb::GetDevices() [9]-failed to open device descriptor:LIBUSB_ERROR_NOT_FOUND
[2025-07-25 18:23:45.229][INF] ---------------------------------------------------Libusb2---------------------------------------------------
[2025-07-25 18:23:45.230][INF] ---------------------------------------------------DirectShow---------------------------------------------------
[2025-07-25 18:23:45.267][INF] CUsbDriverDirectShow::EnumVideoDevs, dwVid[0x04F2] dwPid[0xB67D] pDev[0xbb7a22f0] wDeviceID[33792] szDevicePath[\\?\usb#vid_04f2&pid_b67d&mi_00#7&260eb840&0&0000#{65e8773d-8f56-11d0-a3b9-00a0c9223196}\global]
[2025-07-25 18:23:45.268][INF] CUsbDriverDirectShow::EnumVideoDevs, dwVid[0x2BDF] dwPid[0x02AF] pDev[0xbb7a1b10] wDeviceID[23440] szDevicePath[\\?\usb#vid_2bdf&pid_02af&mi_00#8&211fa5b9&0&0000#{65e8773d-8f56-11d0-a3b9-00a0c9223196}\global]
[2025-07-25 18:23:45.269][INF] CUsbDriverDirectShow::EnumVideoDevs, dwVid[0x0000] dwPid[0x0000] pDev[0xbb7a2980] wDeviceID[0] szDevicePath[]
[2025-07-25 18:23:45.338][INF] CUsbDriverDirectShow::EnumDevices, dwVid[0x04F2] dwPid[0xB67D] pDev[0xbb7a22f0] pDevAudioHandle[0x0]
[2025-07-25 18:23:45.338][INF] CUsbDriverDirectShow::EnumDevices, dwVid[0x2BDF] dwPid[0x02AF] pDev[0xbb7a1b10] pDevAudioHandle[0xbb7a1f70]
[2025-07-25 18:23:45.338][INF] CUsbDriverDirectShow::EnumDevices, dwVid[0x0000] dwPid[0x0000] pDev[0xbb7a2980] pDevAudioHandle[0xbb7a21a0]
[2025-07-25 18:23:45.338][INF] ---------------------------------------------------DirectShow---------------------------------------------------
[2025-07-25 18:23:45.338][INF] ---------------------------------------------------ACS---------------------------------------------------
[2025-07-25 18:23:45.338][INF] CUsbDeviceFilter::FilterAcsWithID, iResultCount[0]
[2025-07-25 18:23:45.338][INF] CUsbDeviceBuilder::FilerAndCreateAcsDevices, Acs deivce num[0]
[2025-07-25 18:23:45.338][INF] ---------------------------------------------------ACS---------------------------------------------------
[2025-07-25 18:23:45.338][INF] ---------------------------------------------------ACS Uvc---------------------------------------------------
[2025-07-25 18:23:45.338][INF] CUsbDeviceFilter::FilterAcsUVCWithID, iResultCount[0]
[2025-07-25 18:23:45.338][INF] CUsbDeviceBuilder::FilerAndCreateAcsUvcDevices, Acs Uvc deivce num[0]
[2025-07-25 18:23:45.338][INF] ---------------------------------------------------ACS Uvc---------------------------------------------------
[2025-07-25 18:23:45.338][INF] ---------------------------------------------------Transmission Bulk---------------------------------------------------
[2025-07-25 18:23:45.338][INF] CUsbDeviceFilter::FilterTransmissionHIDWithID, iResultCount[0]
[2025-07-25 18:23:45.338][INF] CUsbDeviceBuilder::FilerAndCreateTransmissionBulkDevices, Transmission bulk deivce num[0]
[2025-07-25 18:23:45.338][INF] ---------------------------------------------------Transmission Bulk---------------------------------------------------
[2025-07-25 18:23:45.338][INF] ---------------------------------------------------Transmission Uvc---------------------------------------------------
[2025-07-25 18:23:45.338][INF] CUsbDeviceFilter::FilterTransmissionWithID, iResultCount[0]
[2025-07-25 18:23:45.338][INF] CUsbDeviceBuilder::FilerAndCreateTransmissionUvcDevices, Transmission bulk deivce num[0]
[2025-07-25 18:23:45.338][INF] ---------------------------------------------------Transmission Uvc---------------------------------------------------
[2025-07-25 18:23:45.338][INF] ---------------------------------------------------Thermal---------------------------------------------------
[2025-07-25 18:23:45.338][INF] CUsbDeviceFilter::FilterThermalWithID, iResultCount[0]
[2025-07-25 18:23:45.338][INF] CUsbDeviceBuilder::FilerAndCreateThermalDevices, Thermal deivce num[0]
[2025-07-25 18:23:45.338][INF] ---------------------------------------------------Thermal---------------------------------------------------
[2025-07-25 18:23:45.338][INF] ---------------------------------------------------Camera---------------------------------------------------
[2025-07-25 18:23:45.338][INF] CUsbDeviceFilter::FilterCameraWithID, USB_CAMERA_UVC_TYPE dwVid[0x2BDF] dwPid[0x02AF]
[2025-07-25 18:23:45.338][INF] CUsbDeviceFilter::FilterCameraWithID, iResultCount[1]
[2025-07-25 18:23:45.338][INF] ----------------------------------------USB_CAMERA_UVC_TYPE[4]----------------------------------------
[2025-07-25 18:23:45.339][INF] CUsbProtocolUVCBase::SetProtocolVersion, m_dwVersion[2] m_byHeadLen[0]
[2025-07-25 18:23:45.339][INF] CUsbDeviceBuilder::CreateSpecificDevicesHelper, AddDevice  vid[0x2BDF] pid[0x02AF] DeviceType[7] szSerialNumber[CE07F84C_P0E0501_SN0001] szDeviceName[4K USB Camera] wDeviceID[23440]
[2025-07-25 18:23:45.339][INF] CUsbDeviceBuilder::FilerAndCreateCameraDevices, Camera deivce num[1]
[2025-07-25 18:23:45.339][INF] ---------------------------------------------------Camera---------------------------------------------------
[2025-07-25 18:23:45.339][INF] ------------------------------------------------Devices List------------------------------------------------
[2025-07-25 18:23:45.339][INF] Index[1] VID[0x2BDF] PID[0x02AF] SerialNumber[CE07F84C_P0E0501_SN0001] DeviceName[4K USB Camera] ColorType[2] HaveAudio[1] DeviceType[7] DriverType[2] MaxPackage[512]
[2025-07-25 18:23:45.339][INF] ------------------------------------------------Devices List------------------------------------------------
[2025-07-25 18:23:45.339][INF] ------------------------------------------------USB_GetDeviceCount out------------------------------------------------
[2025-07-25 18:23:45.339][INF] ------------------------------------------------USB_EnumDevices in------------------------------------------------
[2025-07-25 18:23:45.339][INF] ------------------------------------------------Devices List------------------------------------------------
[2025-07-25 18:23:45.339][INF] Index[1] VID[0x2BDF] PID[0x02AF] SerialNumber[CE07F84C_P0E0501_SN0001] DeviceName[4K USB Camera] ColorType[2] HaveAudio[1] DeviceType[7] DriverType[2]
[2025-07-25 18:23:45.339][INF] ------------------------------------------------Devices List------------------------------------------------
[2025-07-25 18:23:45.339][INF] ------------------------------------------------USB_EnumDevices out------------------------------------------------
[2025-07-25 18:23:45.339][INF] ------------------------------------------------USB_Login in------------------------------------------------
[2025-07-25 18:23:45.339][INF] byLoginMode[0] dwDevIndex[1] dwFd[0] dwVID[0x2bdf] dwPID[0x02af] dwTimeout[5000] szSerialNumber[CE07F84C_P0E0501_SN0001]
[2025-07-25 18:23:45.396][INF] CUsbDriverDirectShow::InitVideoFilter, m_pVideoFilter[0xbb7bb808]
[2025-07-25 18:23:45.447][INF] CUsbProtocolUVCBase::SetProtocolVersion, m_dwVersion[2] m_byHeadLen[0]
[2025-07-25 18:23:45.447][INF] CUsbCommandLogin::Excute, iUserID[23440]
[2025-07-25 18:23:45.447][INF] ------------------------------------------------USB_Login out------------------------------------------------
[2025-07-25 18:23:45.447][INF] ------------------------------------------------[23440]USB_Control in[3012]------------------------------------------------
[2025-07-25 18:23:45.447][INF] CUsbDeviceManager::DynamicLibLoad 1 szSetPath[]
[2025-07-25 18:23:45.465][INF] DynamicLoadBase::LoadDSo, HPR_LoadDSo succ, LoadPath[E:\WorkFiles\haikang\project\project\lib\Algorithm\AnalysisLayer.dll]
[2025-07-25 18:23:45.465][ERR] SetCurrentDirectoryA path = C:\Users\23629\.conda\envs\haikang\python.exe

[2025-07-25 18:23:45.473][ERR] CUsbCommandConfig, HIA_CreateHandle HIA_ANA_FR fail,error Module[7] SubModule[0] ErrorType[0x9]

[2025-07-25 18:23:45.473][INF] ------------------------------------------------USB_Control out[3012]------------------------------------------------
[2025-07-25 18:23:45.985][INF] ------------------------------------------------[23440]USB_Control in[3012]------------------------------------------------
[2025-07-25 18:23:45.985][INF] CUsbDeviceManager::DynamicLibLoad 1 szSetPath[]
[2025-07-25 18:23:45.985][ERR] SetCurrentDirectoryA path = C:\Users\23629\.conda\envs\haikang\python.exe

[2025-07-25 18:23:47.044][ERR] CUsbCommandConfig, HIA_CreateHandle HIA_ANA_FR fail,error Module[0] SubModule[0] ErrorType[0x24]

[2025-07-25 18:23:47.044][INF] ------------------------------------------------USB_Control out[3012]------------------------------------------------
[2025-07-25 18:23:47.551][INF] ------------------------------------------------[23440]USB_Control in[3012]------------------------------------------------
[2025-07-25 18:23:47.551][INF] CUsbDeviceManager::DynamicLibLoad 1 szSetPath[]
[2025-07-25 18:23:47.551][ERR] SetCurrentDirectoryA path = C:\Users\23629\.conda\envs\haikang\python.exe

